<?xml version="1.0" encoding="UTF-8"?>
<!-- Generated by org.testng.reporters.JUnitReportReporter -->
<testsuite ignored="0" hostname="LAPTOP-NN8PGIR4" failures="0" tests="1" name="test.TestSel" time="47.272" errors="0" timestamp="29 mar. 2022 23:37:38 GMT" skipped="0">
  <testcase classname="test.TestSel" name="Selenium_Test01" time="47.272"/>
</testsuite> <!-- test.TestSel -->
